<?xml version="1.0" encoding="UTF-8"?>
<testng-results ignored="0" total="1" passed="1" failed="0" skipped="0">
  <reporter-output>
  </reporter-output>
  <suite started-at="2024-08-08T16:32:00 IST" name="Default suite" finished-at="2024-08-08T16:32:11 IST" duration-ms="11909">
    <groups>
    </groups>
    <test started-at="2024-08-08T16:32:00 IST" name="Default test" finished-at="2024-08-08T16:32:11 IST" duration-ms="11909">
      <class name="DltTest.CompareImages">
        <test-method is-config="true" signature="setUp()[pri:0, instance:DltTest.CompareImages@3c19aaa5]" started-at="2024-08-08T16:32:00 IST" name="setUp" finished-at="2024-08-08T16:32:07 IST" duration-ms="6901" status="PASS">
          <reporter-output>
          </reporter-output>
        </test-method> <!-- setUp -->
        <test-method signature="compareImages()[pri:0, instance:DltTest.CompareImages@3c19aaa5]" started-at="2024-08-08T16:32:07 IST" name="compareImages" finished-at="2024-08-08T16:32:07 IST" duration-ms="738" status="PASS">
          <reporter-output>
          </reporter-output>
        </test-method> <!-- compareImages -->
        <test-method is-config="true" signature="tearDown()[pri:0, instance:DltTest.CompareImages@3c19aaa5]" started-at="2024-08-08T16:32:07 IST" name="tearDown" finished-at="2024-08-08T16:32:11 IST" duration-ms="4202" status="PASS">
          <reporter-output>
          </reporter-output>
        </test-method> <!-- tearDown -->
      </class> <!-- DltTest.CompareImages -->
    </test> <!-- Default test -->
  </suite> <!-- Default suite -->
</testng-results>
